c:\github\cplusplus\aurora\bin-int\debug-windows-x86_64\aurora\vc143.pdb
c:\github\cplusplus\aurora\bin-int\debug-windows-x86_64\aurora\vc143.idb
c:\github\cplusplus\aurora\bin-int\debug-windows-x86_64\aurora\repl.obj
c:\github\cplusplus\aurora\bin-int\debug-windows-x86_64\aurora\main.obj
c:\github\cplusplus\aurora\bin-int\debug-windows-x86_64\aurora\entrypoint.obj
c:\github\cplusplus\aurora\bin-int\debug-windows-x86_64\aurora\commandreceptor.obj
c:\github\cplusplus\aurora\bin-int\debug-windows-x86_64\aurora\commandhelpprovider.obj
c:\github\cplusplus\aurora\bin\debug-windows-x86_64\aurora\aurora.exe
c:\github\cplusplus\aurora\bin\debug-windows-x86_64\aurora\aurora.pdb
c:\github\cplusplus\aurora\bin\debug-windows-x86_64\aurora\aurora.lib
c:\github\cplusplus\aurora\bin\debug-windows-x86_64\aurora\aurora.exp
c:\github\cplusplus\aurora\bin-int\debug-windows-x86_64\aurora\aurora.ilk
c:\github\cplusplus\aurora\bin-int\debug-windows-x86_64\aurora\aurora.tlog\cl.command.1.tlog
c:\github\cplusplus\aurora\bin-int\debug-windows-x86_64\aurora\aurora.tlog\cl.items.tlog
c:\github\cplusplus\aurora\bin-int\debug-windows-x86_64\aurora\aurora.tlog\cl.read.1.tlog
c:\github\cplusplus\aurora\bin-int\debug-windows-x86_64\aurora\aurora.tlog\cl.write.1.tlog
c:\github\cplusplus\aurora\bin-int\debug-windows-x86_64\aurora\aurora.tlog\link.command.1.tlog
c:\github\cplusplus\aurora\bin-int\debug-windows-x86_64\aurora\aurora.tlog\link.read.1.tlog
c:\github\cplusplus\aurora\bin-int\debug-windows-x86_64\aurora\aurora.tlog\link.secondary.1.tlog
c:\github\cplusplus\aurora\bin-int\debug-windows-x86_64\aurora\aurora.tlog\link.write.1.tlog
